<?xml version="1.0" encoding="UTF-8"?>
<coverage generated="1574306247938" clover="3.2.0">
  <project timestamp="1574306247939" name="All files">
    <metrics statements="1" coveredstatements="1" conditionals="30" coveredconditionals="24" methods="16" coveredmethods="11" elements="47" coveredelements="36" complexity="0" loc="1" ncloc="1" packages="1" files="1" classes="1"/>
    <file name="ip-utilities.js" path="/home/trevor/dev/projects/orgs/command-socket/javascript/cs-js-core/js/util/ip-utilities.js">
      <metrics statements="1" coveredstatements="1" conditionals="30" coveredconditionals="24" methods="16" coveredmethods="11"/>
      <line num="1" count="20" type="cond" truecount="24" falsecount="6"/>
    </file>
  </project>
</coverage>
