{"/home/trevor/dev/projects/orgs/command-socket/javascript/cs-js-core/js/util/ip-utilities.js": {"path":"/home/trevor/dev/projects/orgs/command-socket/javascript/cs-js-core/js/util/ip-utilities.js","statementMap":{"0":{"start":{"line":1,"column":27},"end":{"line":1,"column":340}},"1":{"start":{"line":1,"column":67},"end":{"line":1,"column":339}},"2":{"start":{"line":1,"column":123},"end":{"line":1,"column":154}},"3":{"start":{"line":1,"column":127},"end":{"line":1,"column":139}},"4":{"start":{"line":1,"column":149},"end":{"line":1,"column":153}},"5":{"start":{"line":1,"column":169},"end":{"line":1,"column":201}},"6":{"start":{"line":1,"column":173},"end":{"line":1,"column":186}},"7":{"start":{"line":1,"column":196},"end":{"line":1,"column":200}},"8":{"start":{"line":1,"column":222},"end":{"line":1,"column":305}},"9":{"start":{"line":1,"column":287},"end":{"line":1,"column":291}},"10":{"start":{"line":1,"column":306},"end":{"line":1,"column":336}},"11":{"start":{"line":1,"column":354},"end":{"line":1,"column":520}},"12":{"start":{"line":1,"column":391},"end":{"line":1,"column":419}},"13":{"start":{"line":1,"column":410},"end":{"line":1,"column":419}},"14":{"start":{"line":1,"column":425},"end":{"line":1,"column":427}},"15":{"start":{"line":1,"column":428},"end":{"line":1,"column":499}},"16":{"start":{"line":1,"column":439},"end":{"line":1,"column":499}},"17":{"start":{"line":1,"column":454},"end":{"line":1,"column":499}},"18":{"start":{"line":1,"column":499},"end":{"line":1,"column":519}},"19":{"start":{"line":1,"column":521},"end":{"line":1,"column":576}},"20":{"start":{"line":1,"column":587},"end":{"line":1,"column":616}},"21":{"start":{"line":1,"column":623},"end":{"line":1,"column":653}},"22":{"start":{"line":1,"column":690},"end":{"line":1,"column":1262}},"23":{"start":{"line":1,"column":739},"end":{"line":1,"column":1244}},"24":{"start":{"line":1,"column":767},"end":{"line":1,"column":857}},"25":{"start":{"line":1,"column":860},"end":{"line":1,"column":862}},"26":{"start":{"line":1,"column":863},"end":{"line":1,"column":1157}},"27":{"start":{"line":1,"column":878},"end":{"line":1,"column":1157}},"28":{"start":{"line":1,"column":955},"end":{"line":1,"column":957}},"29":{"start":{"line":1,"column":960},"end":{"line":1,"column":974}},"30":{"start":{"line":1,"column":975},"end":{"line":1,"column":1153}},"31":{"start":{"line":1,"column":1015},"end":{"line":1,"column":1073}},"32":{"start":{"line":1,"column":1030},"end":{"line":1,"column":1034}},"33":{"start":{"line":1,"column":1052},"end":{"line":1,"column":1071}},"34":{"start":{"line":1,"column":1093},"end":{"line":1,"column":1151}},"35":{"start":{"line":1,"column":1108},"end":{"line":1,"column":1112}},"36":{"start":{"line":1,"column":1130},"end":{"line":1,"column":1149}},"37":{"start":{"line":1,"column":1157},"end":{"line":1,"column":1243}},"38":{"start":{"line":1,"column":1244},"end":{"line":1,"column":1259}},"39":{"start":{"line":1,"column":1263},"end":{"line":1,"column":1327}}},"fnMap":{"0":{"name":"(anonymous_0)","decl":{"start":{"line":1,"column":49},"end":{"line":1,"column":50}},"loc":{"start":{"line":1,"column":66},"end":{"line":1,"column":340}},"line":1},"1":{"name":"(anonymous_1)","decl":{"start":{"line":1,"column":95},"end":{"line":1,"column":96}},"loc":{"start":{"line":1,"column":108},"end":{"line":1,"column":337}},"line":1},"2":{"name":"a","decl":{"start":{"line":1,"column":118},"end":{"line":1,"column":119}},"loc":{"start":{"line":1,"column":122},"end":{"line":1,"column":155}},"line":1},"3":{"name":"c","decl":{"start":{"line":1,"column":164},"end":{"line":1,"column":165}},"loc":{"start":{"line":1,"column":168},"end":{"line":1,"column":202}},"line":1},"4":{"name":"s","decl":{"start":{"line":1,"column":211},"end":{"line":1,"column":212}},"loc":{"start":{"line":1,"column":215},"end":{"line":1,"column":306}},"line":1},"5":{"name":"(anonymous_5)","decl":{"start":{"line":1,"column":275},"end":{"line":1,"column":276}},"loc":{"start":{"line":1,"column":286},"end":{"line":1,"column":292}},"line":1},"6":{"name":"(anonymous_6)","decl":{"start":{"line":1,"column":379},"end":{"line":1,"column":380}},"loc":{"start":{"line":1,"column":390},"end":{"line":1,"column":520}},"line":1},"7":{"name":"getPublicIP","decl":{"start":{"line":1,"column":676},"end":{"line":1,"column":687}},"loc":{"start":{"line":1,"column":689},"end":{"line":1,"column":1263}},"line":1},"8":{"name":"(anonymous_8)","decl":{"start":{"line":1,"column":727},"end":{"line":1,"column":728}},"loc":{"start":{"line":1,"column":738},"end":{"line":1,"column":1260}},"line":1},"9":{"name":"(anonymous_9)","decl":{"start":{"line":1,"column":941},"end":{"line":1,"column":942}},"loc":{"start":{"line":1,"column":948},"end":{"line":1,"column":1154}},"line":1},"10":{"name":"(anonymous_10)","decl":{"start":{"line":1,"column":1011},"end":{"line":1,"column":1012}},"loc":{"start":{"line":1,"column":1014},"end":{"line":1,"column":1074}},"line":1},"11":{"name":"(anonymous_11)","decl":{"start":{"line":1,"column":1027},"end":{"line":1,"column":1028}},"loc":{"start":{"line":1,"column":1030},"end":{"line":1,"column":1034}},"line":1},"12":{"name":"(anonymous_12)","decl":{"start":{"line":1,"column":1047},"end":{"line":1,"column":1048}},"loc":{"start":{"line":1,"column":1051},"end":{"line":1,"column":1072}},"line":1},"13":{"name":"(anonymous_13)","decl":{"start":{"line":1,"column":1089},"end":{"line":1,"column":1090}},"loc":{"start":{"line":1,"column":1092},"end":{"line":1,"column":1152}},"line":1},"14":{"name":"(anonymous_14)","decl":{"start":{"line":1,"column":1105},"end":{"line":1,"column":1106}},"loc":{"start":{"line":1,"column":1108},"end":{"line":1,"column":1112}},"line":1},"15":{"name":"(anonymous_15)","decl":{"start":{"line":1,"column":1125},"end":{"line":1,"column":1126}},"loc":{"start":{"line":1,"column":1129},"end":{"line":1,"column":1150}},"line":1}},"branchMap":{"0":{"loc":{"start":{"line":1,"column":27},"end":{"line":1,"column":340}},"type":"binary-expr","locations":[{"start":{"line":1,"column":27},"end":{"line":1,"column":31}},{"start":{"line":1,"column":33},"end":{"line":1,"column":47}},{"start":{"line":1,"column":49},"end":{"line":1,"column":340}}],"line":1},"1":{"loc":{"start":{"line":1,"column":78},"end":{"line":1,"column":92}},"type":"binary-expr","locations":[{"start":{"line":1,"column":78},"end":{"line":1,"column":79}},{"start":{"line":1,"column":82},"end":{"line":1,"column":91}}],"line":1},"2":{"loc":{"start":{"line":1,"column":222},"end":{"line":1,"column":305}},"type":"cond-expr","locations":[{"start":{"line":1,"column":229},"end":{"line":1,"column":239}},{"start":{"line":1,"column":240},"end":{"line":1,"column":305}}],"line":1},"3":{"loc":{"start":{"line":1,"column":251},"end":{"line":1,"column":294}},"type":"cond-expr","locations":[{"start":{"line":1,"column":266},"end":{"line":1,"column":267}},{"start":{"line":1,"column":268},"end":{"line":1,"column":294}}],"line":1},"4":{"loc":{"start":{"line":1,"column":321},"end":{"line":1,"column":326}},"type":"binary-expr","locations":[{"start":{"line":1,"column":321},"end":{"line":1,"column":322}},{"start":{"line":1,"column":324},"end":{"line":1,"column":326}}],"line":1},"5":{"loc":{"start":{"line":1,"column":354},"end":{"line":1,"column":520}},"type":"binary-expr","locations":[{"start":{"line":1,"column":354},"end":{"line":1,"column":358}},{"start":{"line":1,"column":360},"end":{"line":1,"column":377}},{"start":{"line":1,"column":379},"end":{"line":1,"column":520}}],"line":1},"6":{"loc":{"start":{"line":1,"column":391},"end":{"line":1,"column":419}},"type":"if","locations":[{"start":{"line":1,"column":391},"end":{"line":1,"column":419}},{"start":{"line":1,"column":391},"end":{"line":1,"column":419}}],"line":1},"7":{"loc":{"start":{"line":1,"column":394},"end":{"line":1,"column":409}},"type":"binary-expr","locations":[{"start":{"line":1,"column":394},"end":{"line":1,"column":395}},{"start":{"line":1,"column":397},"end":{"line":1,"column":409}}],"line":1},"8":{"loc":{"start":{"line":1,"column":428},"end":{"line":1,"column":499}},"type":"if","locations":[{"start":{"line":1,"column":428},"end":{"line":1,"column":499}},{"start":{"line":1,"column":428},"end":{"line":1,"column":499}}],"line":1},"9":{"loc":{"start":{"line":1,"column":454},"end":{"line":1,"column":498}},"type":"binary-expr","locations":[{"start":{"line":1,"column":454},"end":{"line":1,"column":485}},{"start":{"line":1,"column":488},"end":{"line":1,"column":497}}],"line":1},"10":{"loc":{"start":{"line":1,"column":739},"end":{"line":1,"column":1244}},"type":"if","locations":[{"start":{"line":1,"column":739},"end":{"line":1,"column":1244}},{"start":{"line":1,"column":739},"end":{"line":1,"column":1244}}],"line":1},"11":{"loc":{"start":{"line":1,"column":975},"end":{"line":1,"column":1153}},"type":"cond-expr","locations":[{"start":{"line":1,"column":997},"end":{"line":1,"column":1075}},{"start":{"line":1,"column":1076},"end":{"line":1,"column":1153}}],"line":1},"12":{"loc":{"start":{"line":1,"column":1052},"end":{"line":1,"column":1071}},"type":"cond-expr","locations":[{"start":{"line":1,"column":1063},"end":{"line":1,"column":1067}},{"start":{"line":1,"column":1068},"end":{"line":1,"column":1071}}],"line":1},"13":{"loc":{"start":{"line":1,"column":1130},"end":{"line":1,"column":1149}},"type":"cond-expr","locations":[{"start":{"line":1,"column":1141},"end":{"line":1,"column":1145}},{"start":{"line":1,"column":1146},"end":{"line":1,"column":1149}}],"line":1}},"s":{"0":1,"1":2,"2":1,"3":1,"4":0,"5":0,"6":0,"7":0,"8":3,"9":0,"10":2,"11":1,"12":2,"13":0,"14":2,"15":2,"16":2,"17":20,"18":2,"19":1,"20":1,"21":1,"22":2,"23":2,"24":1,"25":1,"26":1,"27":3,"28":3,"29":3,"30":3,"31":1,"32":1,"33":1,"34":0,"35":0,"36":0,"37":1,"38":2,"39":1},"f":{"0":2,"1":2,"2":1,"3":0,"4":3,"5":0,"6":2,"7":2,"8":2,"9":3,"10":1,"11":1,"12":1,"13":0,"14":0,"15":0},"b":{"0":[1,1,1],"1":[2,2],"2":[2,1],"3":[1,0],"4":[2,2],"5":[1,1,1],"6":[0,2],"7":[2,2],"8":[2,0],"9":[20,20],"10":[1,1],"11":[1,2],"12":[1,0],"13":[0,0]},"_coverageSchema":"43e27e138ebf9cfc5966b082cf9a028302ed4184","hash":"5f69157af35b98ea65b170b5cc8318474f3076ef"}
}
