TN:
SF:/home/trevor/dev/projects/orgs/command-socket/javascript/cs-js-core/js/util/ip-utilities.js
FN:1,(anonymous_0)
FN:1,(anonymous_1)
FN:1,a
FN:1,c
FN:1,s
FN:1,(anonymous_5)
FN:1,(anonymous_6)
FN:1,getPublicIP
FN:1,(anonymous_8)
FN:1,(anonymous_9)
FN:1,(anonymous_10)
FN:1,(anonymous_11)
FN:1,(anonymous_12)
FN:1,(anonymous_13)
FN:1,(anonymous_14)
FN:1,(anonymous_15)
FNF:16
FNH:11
FNDA:2,(anonymous_0)
FNDA:2,(anonymous_1)
FNDA:1,a
FNDA:0,c
FNDA:3,s
FNDA:0,(anonymous_5)
FNDA:2,(anonymous_6)
FNDA:2,getPublicIP
FNDA:2,(anonymous_8)
FNDA:3,(anonymous_9)
FNDA:1,(anonymous_10)
FNDA:1,(anonymous_11)
FNDA:1,(anonymous_12)
FNDA:0,(anonymous_13)
FNDA:0,(anonymous_14)
FNDA:0,(anonymous_15)
DA:1,20
LF:1
LH:1
BRDA:1,0,0,1
BRDA:1,0,1,1
BRDA:1,0,2,1
BRDA:1,1,0,2
BRDA:1,1,1,2
BRDA:1,2,0,2
BRDA:1,2,1,1
BRDA:1,3,0,1
BRDA:1,3,1,0
BRDA:1,4,0,2
BRDA:1,4,1,2
BRDA:1,5,0,1
BRDA:1,5,1,1
BRDA:1,5,2,1
BRDA:1,6,0,0
BRDA:1,6,1,2
BRDA:1,7,0,2
BRDA:1,7,1,2
BRDA:1,8,0,2
BRDA:1,8,1,0
BRDA:1,9,0,20
BRDA:1,9,1,20
BRDA:1,10,0,1
BRDA:1,10,1,1
BRDA:1,11,0,1
BRDA:1,11,1,2
BRDA:1,12,0,1
BRDA:1,12,1,0
BRDA:1,13,0,0
BRDA:1,13,1,0
BRF:30
BRH:24
end_of_record
